app/build/outputs/logs/manifest-merger-debug-report.txt
-- Merging decision tree log ---
manifest
ADDED from AndroidManifest.xml:2:1
	package
		ADDED from AndroidManifest.xml:3:5
		INJECTED from AndroidManifest.xml:0:0
		INJECTED from AndroidManifest.xml:0:0
	android:versionName
		ADDED from AndroidManifest.xml:5:5
	android:versionCode
		ADDED from AndroidManifest.xml:4:5
		INJECTED from AndroidManifest.xml:0:0
		INJECTED from AndroidManifest.xml:0:0
	xmlns:android
		ADDED from AndroidManifest.xml:2:11
uses-sdk
ADDED from AndroidManifest.xml:7:5
	android:targetSdkVersion
		ADDED from AndroidManifest.xml:9:9
		INJECTED from AndroidManifest.xml:0:0
		INJECTED from AndroidManifest.xml:0:0
	android:minSdkVersion
		ADDED from AndroidManifest.xml:8:9
		INJECTED from AndroidManifest.xml:0:0
		INJECTED from AndroidManifest.xml:0:0
uses-permission#android.permission.ACCESS_WIFI_STATE
ADDED from AndroidManifest.xml:11:5
	android:name
		ADDED from AndroidManifest.xml:11:22
uses-permission#android.permission.INTERNET
ADDED from AndroidManifest.xml:12:5
	android:name
		ADDED from AndroidManifest.xml:12:22
uses-permission#android.permission.ACCESS_NETWORK_STATE
ADDED from AndroidManifest.xml:13:5
	android:name
		ADDED from AndroidManifest.xml:13:22
uses-permission#android.permission.WAKE_LOCK
ADDED from AndroidManifest.xml:14:5
	android:name
		ADDED from AndroidManifest.xml:14:22
uses-permission#android.permission.DISABLE_KEYGUARD
ADDED from AndroidManifest.xml:15:5
	android:name
		ADDED from AndroidManifest.xml:15:22
uses-permission#android.permission.CHANGE_WIFI_MULTICAST_STATE
ADDED from AndroidManifest.xml:16:5
	android:name
		ADDED from AndroidManifest.xml:16:22
application
ADDED from AndroidManifest.xml:18:5
	android:label
		ADDED from AndroidManifest.xml:21:9
	android:allowBackup
		ADDED from AndroidManifest.xml:19:9
	android:icon
		ADDED from AndroidManifest.xml:20:9
	android:theme
		ADDED from AndroidManifest.xml:22:9
activity#de.clemensloos.elan.receiver.ElanReceiverActivity
ADDED from AndroidManifest.xml:23:9
	android:screenOrientation
		ADDED from AndroidManifest.xml:27:13
	android:label
		ADDED from AndroidManifest.xml:26:13
	android:launchMode
		ADDED from AndroidManifest.xml:29:13
	android:configChanges
		ADDED from AndroidManifest.xml:25:13
	android:theme
		ADDED from AndroidManifest.xml:28:13
	android:name
		ADDED from AndroidManifest.xml:24:13
intent-filter#android.intent.action.MAIN+android.intent.category.LAUNCHER
ADDED from AndroidManifest.xml:30:13
action#android.intent.action.MAIN
ADDED from AndroidManifest.xml:31:17
	android:name
		ADDED from AndroidManifest.xml:31:25
category#android.intent.category.LAUNCHER
ADDED from AndroidManifest.xml:33:17
	android:name
		ADDED from AndroidManifest.xml:33:27
activity#de.clemensloos.elan.receiver.SettingsActivity
ADDED from AndroidManifest.xml:37:8
	android:label
		ADDED from AndroidManifest.xml:39:13
	android:parentActivityName
		ADDED from AndroidManifest.xml:40:13
	android:name
		ADDED from AndroidManifest.xml:38:13
meta-data#android.support.PARENT_ACTIVITY
ADDED from AndroidManifest.xml:41:13
	android:value
		ADDED from AndroidManifest.xml:43:17
	android:name
		ADDED from AndroidManifest.xml:42:17
service#de.clemensloos.elan.receiver.ElanServerService
ADDED from AndroidManifest.xml:46:9
	android:enabled
		ADDED from AndroidManifest.xml:48:13
	android:exported
		ADDED from AndroidManifest.xml:49:13
	android:name
		ADDED from AndroidManifest.xml:47:13